Analysis & Synthesis report for ALU_Imp
Tue Mar 02 22:34:58 2021
Quartus Prime Version 18.1.0 Build 625 09/12/2018 SJ Lite Edition


---------------------
; Table of Contents ;
---------------------
  1. Legal Notice
  2. Analysis & Synthesis Summary
  3. Analysis & Synthesis Settings
  4. Parallel Compilation
  5. Analysis & Synthesis Source Files Read
  6. Analysis & Synthesis Resource Usage Summary
  7. Analysis & Synthesis Resource Utilization by Entity
  8. General Register Statistics
  9. Multiplexer Restructuring Statistics (Restructuring Performed)
 10. Port Connectivity Checks: "Display7S:Dis1"
 11. Port Connectivity Checks: "ALU:alu|ALU_Arithmetic:ALUA|Mux4:mux"
 12. Port Connectivity Checks: "ALU:alu|ALU_Arithmetic:ALUA"
 13. Post-Synthesis Netlist Statistics for Top Partition
 14. Elapsed Time Per Partition
 15. Analysis & Synthesis Messages



----------------
; Legal Notice ;
----------------
Copyright (C) 2018  Intel Corporation. All rights reserved.
Your use of Intel Corporation's design tools, logic functions 
and other software and tools, and its AMPP partner logic 
functions, and any output files from any of the foregoing 
(including device programming or simulation files), and any 
associated documentation or information are expressly subject 
to the terms and conditions of the Intel Program License 
Subscription Agreement, the Intel Quartus Prime License Agreement,
the Intel FPGA IP License Agreement, or other applicable license
agreement, including, without limitation, that your use is for
the sole purpose of programming logic devices manufactured by
Intel and sold by Intel or its authorized distributors.  Please
refer to the applicable agreement for further details.



+----------------------------------------------------------------------------------+
; Analysis & Synthesis Summary                                                     ;
+------------------------------------+---------------------------------------------+
; Analysis & Synthesis Status        ; Successful - Tue Mar 02 22:34:58 2021       ;
; Quartus Prime Version              ; 18.1.0 Build 625 09/12/2018 SJ Lite Edition ;
; Revision Name                      ; ALU_Imp                                     ;
; Top-level Entity Name              ; ALU_Imp                                     ;
; Family                             ; MAX 10                                      ;
; Total logic elements               ; 24                                          ;
;     Total combinational functions  ; 24                                          ;
;     Dedicated logic registers      ; 0                                           ;
; Total registers                    ; 0                                           ;
; Total pins                         ; 21                                          ;
; Total virtual pins                 ; 0                                           ;
; Total memory bits                  ; 0                                           ;
; Embedded Multiplier 9-bit elements ; 0                                           ;
; Total PLLs                         ; 0                                           ;
; UFM blocks                         ; 0                                           ;
; ADC blocks                         ; 0                                           ;
+------------------------------------+---------------------------------------------+


+------------------------------------------------------------------------------------------------------------+
; Analysis & Synthesis Settings                                                                              ;
+------------------------------------------------------------------+--------------------+--------------------+
; Option                                                           ; Setting            ; Default Value      ;
+------------------------------------------------------------------+--------------------+--------------------+
; Device                                                           ; 10M50DAF484C7G     ;                    ;
; Top-level entity name                                            ; ALU_Imp            ; ALU_Imp            ;
; Family name                                                      ; MAX 10             ; Cyclone V          ;
; Use smart compilation                                            ; Off                ; Off                ;
; Enable parallel Assembler and Timing Analyzer during compilation ; On                 ; On                 ;
; Enable compact report table                                      ; Off                ; Off                ;
; Restructure Multiplexers                                         ; Auto               ; Auto               ;
; Create Debugging Nodes for IP Cores                              ; Off                ; Off                ;
; Preserve fewer node names                                        ; On                 ; On                 ;
; Intel FPGA IP Evaluation Mode                                    ; Enable             ; Enable             ;
; Verilog Version                                                  ; Verilog_2001       ; Verilog_2001       ;
; VHDL Version                                                     ; VHDL_1993          ; VHDL_1993          ;
; State Machine Processing                                         ; Auto               ; Auto               ;
; Safe State Machine                                               ; Off                ; Off                ;
; Extract Verilog State Machines                                   ; On                 ; On                 ;
; Extract VHDL State Machines                                      ; On                 ; On                 ;
; Ignore Verilog initial constructs                                ; Off                ; Off                ;
; Iteration limit for constant Verilog loops                       ; 5000               ; 5000               ;
; Iteration limit for non-constant Verilog loops                   ; 250                ; 250                ;
; Add Pass-Through Logic to Inferred RAMs                          ; On                 ; On                 ;
; Infer RAMs from Raw Logic                                        ; On                 ; On                 ;
; Parallel Synthesis                                               ; On                 ; On                 ;
; DSP Block Balancing                                              ; Auto               ; Auto               ;
; NOT Gate Push-Back                                               ; On                 ; On                 ;
; Power-Up Don't Care                                              ; On                 ; On                 ;
; Remove Redundant Logic Cells                                     ; Off                ; Off                ;
; Remove Duplicate Registers                                       ; On                 ; On                 ;
; Ignore CARRY Buffers                                             ; Off                ; Off                ;
; Ignore CASCADE Buffers                                           ; Off                ; Off                ;
; Ignore GLOBAL Buffers                                            ; Off                ; Off                ;
; Ignore ROW GLOBAL Buffers                                        ; Off                ; Off                ;
; Ignore LCELL Buffers                                             ; Off                ; Off                ;
; Ignore SOFT Buffers                                              ; On                 ; On                 ;
; Limit AHDL Integers to 32 Bits                                   ; Off                ; Off                ;
; Optimization Technique                                           ; Balanced           ; Balanced           ;
; Carry Chain Length                                               ; 70                 ; 70                 ;
; Auto Carry Chains                                                ; On                 ; On                 ;
; Auto Open-Drain Pins                                             ; On                 ; On                 ;
; Perform WYSIWYG Primitive Resynthesis                            ; Off                ; Off                ;
; Auto ROM Replacement                                             ; On                 ; On                 ;
; Auto RAM Replacement                                             ; On                 ; On                 ;
; Auto DSP Block Replacement                                       ; On                 ; On                 ;
; Auto Shift Register Replacement                                  ; Auto               ; Auto               ;
; Allow Shift Register Merging across Hierarchies                  ; Auto               ; Auto               ;
; Auto Clock Enable Replacement                                    ; On                 ; On                 ;
; Strict RAM Replacement                                           ; Off                ; Off                ;
; Allow Synchronous Control Signals                                ; On                 ; On                 ;
; Force Use of Synchronous Clear Signals                           ; Off                ; Off                ;
; Auto RAM Block Balancing                                         ; On                 ; On                 ;
; Auto RAM to Logic Cell Conversion                                ; Off                ; Off                ;
; Auto Resource Sharing                                            ; Off                ; Off                ;
; Allow Any RAM Size For Recognition                               ; Off                ; Off                ;
; Allow Any ROM Size For Recognition                               ; Off                ; Off                ;
; Allow Any Shift Register Size For Recognition                    ; Off                ; Off                ;
; Use LogicLock Constraints during Resource Balancing              ; On                 ; On                 ;
; Ignore translate_off and synthesis_off directives                ; Off                ; Off                ;
; Timing-Driven Synthesis                                          ; On                 ; On                 ;
; Report Parameter Settings                                        ; On                 ; On                 ;
; Report Source Assignments                                        ; On                 ; On                 ;
; Report Connectivity Checks                                       ; On                 ; On                 ;
; Ignore Maximum Fan-Out Assignments                               ; Off                ; Off                ;
; Synchronization Register Chain Length                            ; 2                  ; 2                  ;
; Power Optimization During Synthesis                              ; Normal compilation ; Normal compilation ;
; HDL message level                                                ; Level2             ; Level2             ;
; Suppress Register Optimization Related Messages                  ; Off                ; Off                ;
; Number of Removed Registers Reported in Synthesis Report         ; 5000               ; 5000               ;
; Number of Swept Nodes Reported in Synthesis Report               ; 5000               ; 5000               ;
; Number of Inverted Registers Reported in Synthesis Report        ; 100                ; 100                ;
; Clock MUX Protection                                             ; On                 ; On                 ;
; Auto Gated Clock Conversion                                      ; Off                ; Off                ;
; Block Design Naming                                              ; Auto               ; Auto               ;
; SDC constraint protection                                        ; Off                ; Off                ;
; Synthesis Effort                                                 ; Auto               ; Auto               ;
; Shift Register Replacement - Allow Asynchronous Clear Signal     ; On                 ; On                 ;
; Pre-Mapping Resynthesis Optimization                             ; Off                ; Off                ;
; Analysis & Synthesis Message Level                               ; Medium             ; Medium             ;
; Disable Register Merging Across Hierarchies                      ; Auto               ; Auto               ;
; Resource Aware Inference For Block RAM                           ; On                 ; On                 ;
+------------------------------------------------------------------+--------------------+--------------------+


+------------------------------------------+
; Parallel Compilation                     ;
+----------------------------+-------------+
; Processors                 ; Number      ;
+----------------------------+-------------+
; Number detected on machine ; 8           ;
; Maximum allowed            ; 4           ;
;                            ;             ;
; Average used               ; 1.00        ;
; Maximum used               ; 1           ;
;                            ;             ;
; Usage by Processor         ; % Time Used ;
;     Processor 1            ; 100.0%      ;
+----------------------------+-------------+


+---------------------------------------------------------------------------------------------------------------------------------------------------------------------------------------------+
; Analysis & Synthesis Source Files Read                                                                                                                                                      ;
+----------------------------------+-----------------+------------------------+-----------------------------------------------------------------------------------------------------+---------+
; File Name with User-Entered Path ; Used in Netlist ; File Type              ; File Name with Absolute Path                                                                        ; Library ;
+----------------------------------+-----------------+------------------------+-----------------------------------------------------------------------------------------------------+---------+
; Display7S.v                      ; yes             ; User Verilog HDL File  ; C:/Users/jorge/OneDrive/Documentos/MyCode2.0/ClassRepos/Quartus/ALU_Implementacion/Display7S.v      ;         ;
; Mux4.v                           ; yes             ; User Verilog HDL File  ; C:/Users/jorge/OneDrive/Documentos/MyCode2.0/ClassRepos/Quartus/ALU_Implementacion/Mux4.v           ;         ;
; ALU_Logic.v                      ; yes             ; User Verilog HDL File  ; C:/Users/jorge/OneDrive/Documentos/MyCode2.0/ClassRepos/Quartus/ALU_Implementacion/ALU_Logic.v      ;         ;
; ALU_Arithmetic.v                 ; yes             ; User Verilog HDL File  ; C:/Users/jorge/OneDrive/Documentos/MyCode2.0/ClassRepos/Quartus/ALU_Implementacion/ALU_Arithmetic.v ;         ;
; ALU.v                            ; yes             ; User Verilog HDL File  ; C:/Users/jorge/OneDrive/Documentos/MyCode2.0/ClassRepos/Quartus/ALU_Implementacion/ALU.v            ;         ;
; Adder.v                          ; yes             ; User Verilog HDL File  ; C:/Users/jorge/OneDrive/Documentos/MyCode2.0/ClassRepos/Quartus/ALU_Implementacion/Adder.v          ;         ;
; ALU_Imp.v                        ; yes             ; User Verilog HDL File  ; C:/Users/jorge/OneDrive/Documentos/MyCode2.0/ClassRepos/Quartus/ALU_Implementacion/ALU_Imp.v        ;         ;
+----------------------------------+-----------------+------------------------+-----------------------------------------------------------------------------------------------------+---------+


+------------------------------------------------------------------+
; Analysis & Synthesis Resource Usage Summary                      ;
+---------------------------------------------+--------------------+
; Resource                                    ; Usage              ;
+---------------------------------------------+--------------------+
; Estimated Total logic elements              ; 24                 ;
;                                             ;                    ;
; Total combinational functions               ; 24                 ;
; Logic element usage by number of LUT inputs ;                    ;
;     -- 4 input functions                    ; 4                  ;
;     -- 3 input functions                    ; 18                 ;
;     -- <=2 input functions                  ; 2                  ;
;                                             ;                    ;
; Logic elements by mode                      ;                    ;
;     -- normal mode                          ; 20                 ;
;     -- arithmetic mode                      ; 4                  ;
;                                             ;                    ;
; Total registers                             ; 0                  ;
;     -- Dedicated logic registers            ; 0                  ;
;     -- I/O registers                        ; 0                  ;
;                                             ;                    ;
; I/O pins                                    ; 21                 ;
;                                             ;                    ;
; Embedded Multiplier 9-bit elements          ; 0                  ;
;                                             ;                    ;
; Maximum fan-out node                        ; ALU:alu|Negative~1 ;
; Maximum fan-out                             ; 9                  ;
; Total fan-out                               ; 104                ;
; Average fan-out                             ; 1.58               ;
+---------------------------------------------+--------------------+


+--------------------------------------------------------------------------------------------------------------------------------------------------------------------------------------------------------------------------------------------------------------------+
; Analysis & Synthesis Resource Utilization by Entity                                                                                                                                                                                                                ;
+-----------------------------+---------------------+---------------------------+-------------+------------+--------------+---------+-----------+------+--------------+------------+-------------------------------------------------+----------------+--------------+
; Compilation Hierarchy Node  ; Combinational ALUTs ; Dedicated Logic Registers ; Memory Bits ; UFM Blocks ; DSP Elements ; DSP 9x9 ; DSP 18x18 ; Pins ; Virtual Pins ; ADC blocks ; Full Hierarchy Name                             ; Entity Name    ; Library Name ;
+-----------------------------+---------------------+---------------------------+-------------+------------+--------------+---------+-----------+------+--------------+------------+-------------------------------------------------+----------------+--------------+
; |ALU_Imp                    ; 24 (0)              ; 0 (0)                     ; 0           ; 0          ; 0            ; 0       ; 0         ; 21   ; 0            ; 0          ; |ALU_Imp                                        ; ALU_Imp        ; work         ;
;    |ALU:alu|                ; 17 (9)              ; 0 (0)                     ; 0           ; 0          ; 0            ; 0       ; 0         ; 0    ; 0            ; 0          ; |ALU_Imp|ALU:alu                                ; ALU            ; work         ;
;       |ALU_Arithmetic:ALUA| ; 8 (0)               ; 0 (0)                     ; 0           ; 0          ; 0            ; 0       ; 0         ; 0    ; 0            ; 0          ; |ALU_Imp|ALU:alu|ALU_Arithmetic:ALUA            ; ALU_Arithmetic ; work         ;
;          |Adder:suma|       ; 5 (5)               ; 0 (0)                     ; 0           ; 0          ; 0            ; 0       ; 0         ; 0    ; 0            ; 0          ; |ALU_Imp|ALU:alu|ALU_Arithmetic:ALUA|Adder:suma ; Adder          ; work         ;
;          |Mux4:mux|         ; 3 (3)               ; 0 (0)                     ; 0           ; 0          ; 0            ; 0       ; 0         ; 0    ; 0            ; 0          ; |ALU_Imp|ALU:alu|ALU_Arithmetic:ALUA|Mux4:mux   ; Mux4           ; work         ;
;    |Display7S:Dis1|         ; 7 (7)               ; 0 (0)                     ; 0           ; 0          ; 0            ; 0       ; 0         ; 0    ; 0            ; 0          ; |ALU_Imp|Display7S:Dis1                         ; Display7S      ; work         ;
+-----------------------------+---------------------+---------------------------+-------------+------------+--------------+---------+-----------+------+--------------+------------+-------------------------------------------------+----------------+--------------+
Note: For table entries with two numbers listed, the numbers in parentheses indicate the number of resources of the given type used by the specific entity alone. The numbers listed outside of parentheses indicate the total resources of the given type used by the specific entity and all of its sub-entities in the hierarchy.


+------------------------------------------------------+
; General Register Statistics                          ;
+----------------------------------------------+-------+
; Statistic                                    ; Value ;
+----------------------------------------------+-------+
; Total registers                              ; 0     ;
; Number of registers using Synchronous Clear  ; 0     ;
; Number of registers using Synchronous Load   ; 0     ;
; Number of registers using Asynchronous Clear ; 0     ;
; Number of registers using Asynchronous Load  ; 0     ;
; Number of registers using Clock Enable       ; 0     ;
; Number of registers using Preset             ; 0     ;
+----------------------------------------------+-------+


+------------------------------------------------------------------------------------------------------------------------------------------------------------------+
; Multiplexer Restructuring Statistics (Restructuring Performed)                                                                                                   ;
+--------------------+-----------+---------------+----------------------+------------------------+------------+----------------------------------------------------+
; Multiplexer Inputs ; Bus Width ; Baseline Area ; Area if Restructured ; Saving if Restructured ; Registered ; Example Multiplexer Output                         ;
+--------------------+-----------+---------------+----------------------+------------------------+------------+----------------------------------------------------+
; 4:1                ; 3 bits    ; 6 LEs         ; 6 LEs                ; 0 LEs                  ; No         ; |ALU_Imp|ALU:alu|ALU_Arithmetic:ALUA|Mux4:mux|Mux1 ;
; 5:1                ; 3 bits    ; 9 LEs         ; 9 LEs                ; 0 LEs                  ; No         ; |ALU_Imp|ALU:alu|Negative                          ;
+--------------------+-----------+---------------+----------------------+------------------------+------------+----------------------------------------------------+


+---------------------------------------------+
; Port Connectivity Checks: "Display7S:Dis1"  ;
+-----------+-------+----------+--------------+
; Port      ; Type  ; Severity ; Details      ;
+-----------+-------+----------+--------------+
; bi_Num[3] ; Input ; Info     ; Stuck at GND ;
+-----------+-------+----------+--------------+


+----------------------------------------------------------------------------------------------------------------------------------------------------------------------+
; Port Connectivity Checks: "ALU:alu|ALU_Arithmetic:ALUA|Mux4:mux"                                                                                                     ;
+------+--------+----------+-------------------------------------------------------------------------------------------------------------------------------------------+
; Port ; Type   ; Severity ; Details                                                                                                                                   ;
+------+--------+----------+-------------------------------------------------------------------------------------------------------------------------------------------+
; A    ; Input  ; Warning  ; Input port expression (3 bits) is smaller than the input port (4 bits) it drives.  Extra input bit(s) "A[3..3]" will be connected to GND. ;
; B    ; Input  ; Warning  ; Input port expression (3 bits) is smaller than the input port (4 bits) it drives.  Extra input bit(s) "B[3..3]" will be connected to GND. ;
; C    ; Input  ; Warning  ; Input port expression (3 bits) is smaller than the input port (4 bits) it drives.  Extra input bit(s) "C[3..3]" will be connected to GND. ;
; C    ; Input  ; Info     ; Stuck at GND                                                                                                                              ;
; D    ; Input  ; Warning  ; Input port expression (3 bits) is smaller than the input port (4 bits) it drives.  Extra input bit(s) "D[3..3]" will be connected to GND. ;
; D    ; Input  ; Info     ; Stuck at GND                                                                                                                              ;
; Out  ; Output ; Warning  ; Output or bidir port (4 bits) is wider than the port expression (3 bits) it drives; bit(s) "Out[3..3]" have no fanouts                    ;
+------+--------+----------+-------------------------------------------------------------------------------------------------------------------------------------------+


+--------------------------------------------------------------------------------------------------------------------+
; Port Connectivity Checks: "ALU:alu|ALU_Arithmetic:ALUA"                                                            ;
+----------+--------+----------+-------------------------------------------------------------------------------------+
; Port     ; Type   ; Severity ; Details                                                                             ;
+----------+--------+----------+-------------------------------------------------------------------------------------+
; Negative ; Output ; Info     ; Connected to dangling logic. Logic that only feeds a dangling port will be removed. ;
+----------+--------+----------+-------------------------------------------------------------------------------------+


+-----------------------------------------------------+
; Post-Synthesis Netlist Statistics for Top Partition ;
+-----------------------+-----------------------------+
; Type                  ; Count                       ;
+-----------------------+-----------------------------+
; boundary_port         ; 21                          ;
; cycloneiii_lcell_comb ; 26                          ;
;     arith             ; 4                           ;
;         3 data inputs ; 4                           ;
;     normal            ; 22                          ;
;         0 data inputs ; 2                           ;
;         1 data inputs ; 1                           ;
;         2 data inputs ; 1                           ;
;         3 data inputs ; 14                          ;
;         4 data inputs ; 4                           ;
;                       ;                             ;
; Max LUT depth         ; 5.20                        ;
; Average LUT depth     ; 4.38                        ;
+-----------------------+-----------------------------+


+-------------------------------+
; Elapsed Time Per Partition    ;
+----------------+--------------+
; Partition Name ; Elapsed Time ;
+----------------+--------------+
; Top            ; 00:00:01     ;
+----------------+--------------+


+-------------------------------+
; Analysis & Synthesis Messages ;
+-------------------------------+
Info: *******************************************************************
Info: Running Quartus Prime Analysis & Synthesis
    Info: Version 18.1.0 Build 625 09/12/2018 SJ Lite Edition
    Info: Processing started: Tue Mar 02 22:34:39 2021
Info: Command: quartus_map --read_settings_files=on --write_settings_files=off ALU_Imp -c ALU_Imp
Warning (18236): Number of processors has not been specified which may cause overloading on shared machines.  Set the global assignment NUM_PARALLEL_PROCESSORS in your QSF to an appropriate value for best performance.
Info (20030): Parallel compilation is enabled and will use 4 of the 4 processors detected
Info (12021): Found 1 design units, including 1 entities, in source file display7s.v
    Info (12023): Found entity 1: Display7S File: C:/Users/jorge/OneDrive/Documentos/MyCode2.0/ClassRepos/Quartus/ALU_Implementacion/Display7S.v Line: 1
Warning (10229): Verilog HDL Expression warning at Mux4.v(25): truncated literal to match 3 bits File: C:/Users/jorge/OneDrive/Documentos/MyCode2.0/ClassRepos/Quartus/ALU_Implementacion/Mux4.v Line: 25
Info (12021): Found 1 design units, including 1 entities, in source file mux4.v
    Info (12023): Found entity 1: Mux4 File: C:/Users/jorge/OneDrive/Documentos/MyCode2.0/ClassRepos/Quartus/ALU_Implementacion/Mux4.v Line: 1
Info (12021): Found 1 design units, including 1 entities, in source file alu_logic.v
    Info (12023): Found entity 1: ALU_Logic File: C:/Users/jorge/OneDrive/Documentos/MyCode2.0/ClassRepos/Quartus/ALU_Implementacion/ALU_Logic.v Line: 1
Info (12021): Found 1 design units, including 1 entities, in source file alu_arithmetic.v
    Info (12023): Found entity 1: ALU_Arithmetic File: C:/Users/jorge/OneDrive/Documentos/MyCode2.0/ClassRepos/Quartus/ALU_Implementacion/ALU_Arithmetic.v Line: 1
Info (12021): Found 1 design units, including 1 entities, in source file alu.v
    Info (12023): Found entity 1: ALU File: C:/Users/jorge/OneDrive/Documentos/MyCode2.0/ClassRepos/Quartus/ALU_Implementacion/ALU.v Line: 1
Info (12021): Found 1 design units, including 1 entities, in source file adder.v
    Info (12023): Found entity 1: Adder File: C:/Users/jorge/OneDrive/Documentos/MyCode2.0/ClassRepos/Quartus/ALU_Implementacion/Adder.v Line: 1
Info (12021): Found 1 design units, including 1 entities, in source file alu_imp.v
    Info (12023): Found entity 1: ALU_Imp File: C:/Users/jorge/OneDrive/Documentos/MyCode2.0/ClassRepos/Quartus/ALU_Implementacion/ALU_Imp.v Line: 1
Info (12127): Elaborating entity "ALU_Imp" for the top level hierarchy
Info (12128): Elaborating entity "ALU" for hierarchy "ALU:alu" File: C:/Users/jorge/OneDrive/Documentos/MyCode2.0/ClassRepos/Quartus/ALU_Implementacion/ALU_Imp.v Line: 25
Warning (10230): Verilog HDL assignment warning at ALU.v(46): truncated value with size 32 to match size of target (1) File: C:/Users/jorge/OneDrive/Documentos/MyCode2.0/ClassRepos/Quartus/ALU_Implementacion/ALU.v Line: 46
Warning (10230): Verilog HDL assignment warning at ALU.v(47): truncated value with size 32 to match size of target (1) File: C:/Users/jorge/OneDrive/Documentos/MyCode2.0/ClassRepos/Quartus/ALU_Implementacion/ALU.v Line: 47
Info (12128): Elaborating entity "ALU_Logic" for hierarchy "ALU:alu|ALU_Logic:ALUL" File: C:/Users/jorge/OneDrive/Documentos/MyCode2.0/ClassRepos/Quartus/ALU_Implementacion/ALU.v Line: 25
Info (12128): Elaborating entity "ALU_Arithmetic" for hierarchy "ALU:alu|ALU_Arithmetic:ALUA" File: C:/Users/jorge/OneDrive/Documentos/MyCode2.0/ClassRepos/Quartus/ALU_Implementacion/ALU.v Line: 37
Warning (10230): Verilog HDL assignment warning at ALU_Arithmetic.v(49): truncated value with size 32 to match size of target (1) File: C:/Users/jorge/OneDrive/Documentos/MyCode2.0/ClassRepos/Quartus/ALU_Implementacion/ALU_Arithmetic.v Line: 49
Info (12128): Elaborating entity "Mux4" for hierarchy "ALU:alu|ALU_Arithmetic:ALUA|Mux4:mux" File: C:/Users/jorge/OneDrive/Documentos/MyCode2.0/ClassRepos/Quartus/ALU_Implementacion/ALU_Arithmetic.v Line: 27
Info (12128): Elaborating entity "Adder" for hierarchy "ALU:alu|ALU_Arithmetic:ALUA|Adder:suma" File: C:/Users/jorge/OneDrive/Documentos/MyCode2.0/ClassRepos/Quartus/ALU_Implementacion/ALU_Arithmetic.v Line: 42
Info (12128): Elaborating entity "Display7S" for hierarchy "Display7S:Dis1" File: C:/Users/jorge/OneDrive/Documentos/MyCode2.0/ClassRepos/Quartus/ALU_Implementacion/ALU_Imp.v Line: 31
Warning (10270): Verilog HDL Case Statement warning at Display7S.v(9): incomplete case statement has no default case item File: C:/Users/jorge/OneDrive/Documentos/MyCode2.0/ClassRepos/Quartus/ALU_Implementacion/Display7S.v Line: 9
Warning (10240): Verilog HDL Always Construct warning at Display7S.v(9): inferring latch(es) for variable "segments", which holds its previous value in one or more paths through the always construct File: C:/Users/jorge/OneDrive/Documentos/MyCode2.0/ClassRepos/Quartus/ALU_Implementacion/Display7S.v Line: 9
Info (10041): Inferred latch for "segments[0]" at Display7S.v(9) File: C:/Users/jorge/OneDrive/Documentos/MyCode2.0/ClassRepos/Quartus/ALU_Implementacion/Display7S.v Line: 9
Info (10041): Inferred latch for "segments[1]" at Display7S.v(9) File: C:/Users/jorge/OneDrive/Documentos/MyCode2.0/ClassRepos/Quartus/ALU_Implementacion/Display7S.v Line: 9
Info (10041): Inferred latch for "segments[2]" at Display7S.v(9) File: C:/Users/jorge/OneDrive/Documentos/MyCode2.0/ClassRepos/Quartus/ALU_Implementacion/Display7S.v Line: 9
Info (10041): Inferred latch for "segments[3]" at Display7S.v(9) File: C:/Users/jorge/OneDrive/Documentos/MyCode2.0/ClassRepos/Quartus/ALU_Implementacion/Display7S.v Line: 9
Info (10041): Inferred latch for "segments[4]" at Display7S.v(9) File: C:/Users/jorge/OneDrive/Documentos/MyCode2.0/ClassRepos/Quartus/ALU_Implementacion/Display7S.v Line: 9
Info (10041): Inferred latch for "segments[5]" at Display7S.v(9) File: C:/Users/jorge/OneDrive/Documentos/MyCode2.0/ClassRepos/Quartus/ALU_Implementacion/Display7S.v Line: 9
Info (10041): Inferred latch for "segments[6]" at Display7S.v(9) File: C:/Users/jorge/OneDrive/Documentos/MyCode2.0/ClassRepos/Quartus/ALU_Implementacion/Display7S.v Line: 9
Info (10041): Inferred latch for "segments[7]" at Display7S.v(9) File: C:/Users/jorge/OneDrive/Documentos/MyCode2.0/ClassRepos/Quartus/ALU_Implementacion/Display7S.v Line: 9
Warning (14026): LATCH primitive "Display7S:Dis1|segments[0]" is permanently enabled File: C:/Users/jorge/OneDrive/Documentos/MyCode2.0/ClassRepos/Quartus/ALU_Implementacion/Display7S.v Line: 9
Warning (14026): LATCH primitive "Display7S:Dis1|segments[1]" is permanently enabled File: C:/Users/jorge/OneDrive/Documentos/MyCode2.0/ClassRepos/Quartus/ALU_Implementacion/Display7S.v Line: 9
Warning (14026): LATCH primitive "Display7S:Dis1|segments[2]" is permanently enabled File: C:/Users/jorge/OneDrive/Documentos/MyCode2.0/ClassRepos/Quartus/ALU_Implementacion/Display7S.v Line: 9
Warning (14026): LATCH primitive "Display7S:Dis1|segments[3]" is permanently enabled File: C:/Users/jorge/OneDrive/Documentos/MyCode2.0/ClassRepos/Quartus/ALU_Implementacion/Display7S.v Line: 9
Warning (14026): LATCH primitive "Display7S:Dis1|segments[4]" is permanently enabled File: C:/Users/jorge/OneDrive/Documentos/MyCode2.0/ClassRepos/Quartus/ALU_Implementacion/Display7S.v Line: 9
Warning (14026): LATCH primitive "Display7S:Dis1|segments[5]" is permanently enabled File: C:/Users/jorge/OneDrive/Documentos/MyCode2.0/ClassRepos/Quartus/ALU_Implementacion/Display7S.v Line: 9
Warning (14026): LATCH primitive "Display7S:Dis1|segments[6]" is permanently enabled File: C:/Users/jorge/OneDrive/Documentos/MyCode2.0/ClassRepos/Quartus/ALU_Implementacion/Display7S.v Line: 9
Warning (12241): 1 hierarchies have connectivity warnings - see the Connectivity Checks report folder
Warning (13024): Output pins are stuck at VCC or GND
    Warning (13410): Pin "outSalidas[7]" is stuck at VCC File: C:/Users/jorge/OneDrive/Documentos/MyCode2.0/ClassRepos/Quartus/ALU_Implementacion/ALU_Imp.v Line: 11
Info (286030): Timing-Driven Synthesis is running
Info (16010): Generating hard_block partition "hard_block:auto_generated_inst"
    Info (16011): Adding 0 node(s), including 0 DDIO, 0 PLL, 0 transceiver and 0 LCELL
Info (21057): Implemented 45 device resources after synthesis - the final resource count might be different
    Info (21058): Implemented 9 input pins
    Info (21059): Implemented 12 output pins
    Info (21061): Implemented 24 logic cells
Info: Quartus Prime Analysis & Synthesis was successful. 0 errors, 17 warnings
    Info: Peak virtual memory: 4745 megabytes
    Info: Processing ended: Tue Mar 02 22:34:58 2021
    Info: Elapsed time: 00:00:19
    Info: Total CPU time (on all processors): 00:00:43


