Analysis & Synthesis report for CtrlUnitFSM
Sat Mar 13 17:54:45 2021
Quartus Prime Version 18.1.0 Build 625 09/12/2018 SJ Lite Edition


---------------------
; Table of Contents ;
---------------------
  1. Legal Notice
  2. Analysis & Synthesis Summary
  3. Analysis & Synthesis Settings
  4. Parallel Compilation
  5. Analysis & Synthesis Source Files Read
  6. Analysis & Synthesis Resource Usage Summary
  7. Analysis & Synthesis Resource Utilization by Entity
  8. State Machine - |CtrlUnitFSM|act_state
  9. Registers Removed During Synthesis
 10. Removed Registers Triggering Further Register Optimizations
 11. General Register Statistics
 12. Multiplexer Restructuring Statistics (Restructuring Performed)
 13. Parameter Settings for User Entity Instance: Top-level Entity: |CtrlUnitFSM
 14. Post-Synthesis Netlist Statistics for Top Partition
 15. Elapsed Time Per Partition
 16. Analysis & Synthesis Messages
 17. Analysis & Synthesis Suppressed Messages



----------------
; Legal Notice ;
----------------
Copyright (C) 2018  Intel Corporation. All rights reserved.
Your use of Intel Corporation's design tools, logic functions 
and other software and tools, and its AMPP partner logic 
functions, and any output files from any of the foregoing 
(including device programming or simulation files), and any 
associated documentation or information are expressly subject 
to the terms and conditions of the Intel Program License 
Subscription Agreement, the Intel Quartus Prime License Agreement,
the Intel FPGA IP License Agreement, or other applicable license
agreement, including, without limitation, that your use is for
the sole purpose of programming logic devices manufactured by
Intel and sold by Intel or its authorized distributors.  Please
refer to the applicable agreement for further details.



+----------------------------------------------------------------------------------+
; Analysis & Synthesis Summary                                                     ;
+------------------------------------+---------------------------------------------+
; Analysis & Synthesis Status        ; Successful - Sat Mar 13 17:54:45 2021       ;
; Quartus Prime Version              ; 18.1.0 Build 625 09/12/2018 SJ Lite Edition ;
; Revision Name                      ; CtrlUnitFSM                                 ;
; Top-level Entity Name              ; CtrlUnitFSM                                 ;
; Family                             ; MAX 10                                      ;
; Total logic elements               ; 0                                           ;
;     Total combinational functions  ; 0                                           ;
;     Dedicated logic registers      ; 0                                           ;
; Total registers                    ; 0                                           ;
; Total pins                         ; 58                                          ;
; Total virtual pins                 ; 0                                           ;
; Total memory bits                  ; 0                                           ;
; Embedded Multiplier 9-bit elements ; 0                                           ;
; Total PLLs                         ; 0                                           ;
; UFM blocks                         ; 0                                           ;
; ADC blocks                         ; 0                                           ;
+------------------------------------+---------------------------------------------+


+------------------------------------------------------------------------------------------------------------+
; Analysis & Synthesis Settings                                                                              ;
+------------------------------------------------------------------+--------------------+--------------------+
; Option                                                           ; Setting            ; Default Value      ;
+------------------------------------------------------------------+--------------------+--------------------+
; Device                                                           ; 10M50DAF484C7G     ;                    ;
; Top-level entity name                                            ; CtrlUnitFSM        ; CtrlUnitFSM        ;
; Family name                                                      ; MAX 10             ; Cyclone V          ;
; Use smart compilation                                            ; Off                ; Off                ;
; Enable parallel Assembler and Timing Analyzer during compilation ; On                 ; On                 ;
; Enable compact report table                                      ; Off                ; Off                ;
; Restructure Multiplexers                                         ; Auto               ; Auto               ;
; Create Debugging Nodes for IP Cores                              ; Off                ; Off                ;
; Preserve fewer node names                                        ; On                 ; On                 ;
; Intel FPGA IP Evaluation Mode                                    ; Enable             ; Enable             ;
; Verilog Version                                                  ; Verilog_2001       ; Verilog_2001       ;
; VHDL Version                                                     ; VHDL_1993          ; VHDL_1993          ;
; State Machine Processing                                         ; Auto               ; Auto               ;
; Safe State Machine                                               ; Off                ; Off                ;
; Extract Verilog State Machines                                   ; On                 ; On                 ;
; Extract VHDL State Machines                                      ; On                 ; On                 ;
; Ignore Verilog initial constructs                                ; Off                ; Off                ;
; Iteration limit for constant Verilog loops                       ; 5000               ; 5000               ;
; Iteration limit for non-constant Verilog loops                   ; 250                ; 250                ;
; Add Pass-Through Logic to Inferred RAMs                          ; On                 ; On                 ;
; Infer RAMs from Raw Logic                                        ; On                 ; On                 ;
; Parallel Synthesis                                               ; On                 ; On                 ;
; DSP Block Balancing                                              ; Auto               ; Auto               ;
; NOT Gate Push-Back                                               ; On                 ; On                 ;
; Power-Up Don't Care                                              ; On                 ; On                 ;
; Remove Redundant Logic Cells                                     ; Off                ; Off                ;
; Remove Duplicate Registers                                       ; On                 ; On                 ;
; Ignore CARRY Buffers                                             ; Off                ; Off                ;
; Ignore CASCADE Buffers                                           ; Off                ; Off                ;
; Ignore GLOBAL Buffers                                            ; Off                ; Off                ;
; Ignore ROW GLOBAL Buffers                                        ; Off                ; Off                ;
; Ignore LCELL Buffers                                             ; Off                ; Off                ;
; Ignore SOFT Buffers                                              ; On                 ; On                 ;
; Limit AHDL Integers to 32 Bits                                   ; Off                ; Off                ;
; Optimization Technique                                           ; Balanced           ; Balanced           ;
; Carry Chain Length                                               ; 70                 ; 70                 ;
; Auto Carry Chains                                                ; On                 ; On                 ;
; Auto Open-Drain Pins                                             ; On                 ; On                 ;
; Perform WYSIWYG Primitive Resynthesis                            ; Off                ; Off                ;
; Auto ROM Replacement                                             ; On                 ; On                 ;
; Auto RAM Replacement                                             ; On                 ; On                 ;
; Auto DSP Block Replacement                                       ; On                 ; On                 ;
; Auto Shift Register Replacement                                  ; Auto               ; Auto               ;
; Allow Shift Register Merging across Hierarchies                  ; Auto               ; Auto               ;
; Auto Clock Enable Replacement                                    ; On                 ; On                 ;
; Strict RAM Replacement                                           ; Off                ; Off                ;
; Allow Synchronous Control Signals                                ; On                 ; On                 ;
; Force Use of Synchronous Clear Signals                           ; Off                ; Off                ;
; Auto RAM Block Balancing                                         ; On                 ; On                 ;
; Auto RAM to Logic Cell Conversion                                ; Off                ; Off                ;
; Auto Resource Sharing                                            ; Off                ; Off                ;
; Allow Any RAM Size For Recognition                               ; Off                ; Off                ;
; Allow Any ROM Size For Recognition                               ; Off                ; Off                ;
; Allow Any Shift Register Size For Recognition                    ; Off                ; Off                ;
; Use LogicLock Constraints during Resource Balancing              ; On                 ; On                 ;
; Ignore translate_off and synthesis_off directives                ; Off                ; Off                ;
; Timing-Driven Synthesis                                          ; On                 ; On                 ;
; Report Parameter Settings                                        ; On                 ; On                 ;
; Report Source Assignments                                        ; On                 ; On                 ;
; Report Connectivity Checks                                       ; On                 ; On                 ;
; Ignore Maximum Fan-Out Assignments                               ; Off                ; Off                ;
; Synchronization Register Chain Length                            ; 2                  ; 2                  ;
; Power Optimization During Synthesis                              ; Normal compilation ; Normal compilation ;
; HDL message level                                                ; Level2             ; Level2             ;
; Suppress Register Optimization Related Messages                  ; Off                ; Off                ;
; Number of Removed Registers Reported in Synthesis Report         ; 5000               ; 5000               ;
; Number of Swept Nodes Reported in Synthesis Report               ; 5000               ; 5000               ;
; Number of Inverted Registers Reported in Synthesis Report        ; 100                ; 100                ;
; Clock MUX Protection                                             ; On                 ; On                 ;
; Auto Gated Clock Conversion                                      ; Off                ; Off                ;
; Block Design Naming                                              ; Auto               ; Auto               ;
; SDC constraint protection                                        ; Off                ; Off                ;
; Synthesis Effort                                                 ; Auto               ; Auto               ;
; Shift Register Replacement - Allow Asynchronous Clear Signal     ; On                 ; On                 ;
; Pre-Mapping Resynthesis Optimization                             ; Off                ; Off                ;
; Analysis & Synthesis Message Level                               ; Medium             ; Medium             ;
; Disable Register Merging Across Hierarchies                      ; Auto               ; Auto               ;
; Resource Aware Inference For Block RAM                           ; On                 ; On                 ;
+------------------------------------------------------------------+--------------------+--------------------+


+------------------------------------------+
; Parallel Compilation                     ;
+----------------------------+-------------+
; Processors                 ; Number      ;
+----------------------------+-------------+
; Number detected on machine ; 8           ;
; Maximum allowed            ; 4           ;
;                            ;             ;
; Average used               ; 1.00        ;
; Maximum used               ; 1           ;
;                            ;             ;
; Usage by Processor         ; % Time Used ;
;     Processor 1            ; 100.0%      ;
+----------------------------+-------------+


+---------------------------------------------------------------------------------------------------------------------------------------------------------------------------------------+
; Analysis & Synthesis Source Files Read                                                                                                                                                ;
+----------------------------------+-----------------+------------------------------+-----------------------------------------------------------------------------------------+---------+
; File Name with User-Entered Path ; Used in Netlist ; File Type                    ; File Name with Absolute Path                                                            ; Library ;
+----------------------------------+-----------------+------------------------------+-----------------------------------------------------------------------------------------+---------+
; CtrlUnitFSM.sv                   ; yes             ; User SystemVerilog HDL File  ; C:/Users/jorge/OneDrive/Documentos/MyCode2.0/ClassRepos/Quartus/CtrlUnit/CtrlUnitFSM.sv ;         ;
+----------------------------------+-----------------+------------------------------+-----------------------------------------------------------------------------------------+---------+


+-------------------------------------------------------------+
; Analysis & Synthesis Resource Usage Summary                 ;
+---------------------------------------------+---------------+
; Resource                                    ; Usage         ;
+---------------------------------------------+---------------+
;                                             ;               ;
; Total combinational functions               ; 0             ;
; Logic element usage by number of LUT inputs ;               ;
;     -- 4 input functions                    ; 0             ;
;     -- 3 input functions                    ; 0             ;
;     -- <=2 input functions                  ; 0             ;
;                                             ;               ;
; Logic elements by mode                      ;               ;
;     -- normal mode                          ; 0             ;
;     -- arithmetic mode                      ; 0             ;
;                                             ;               ;
; Total registers                             ; 0             ;
;     -- Dedicated logic registers            ; 0             ;
;     -- I/O registers                        ; 0             ;
;                                             ;               ;
; I/O pins                                    ; 58            ;
;                                             ;               ;
; Embedded Multiplier 9-bit elements          ; 0             ;
;                                             ;               ;
; Maximum fan-out node                        ; inst_dat_i[0] ;
; Maximum fan-out                             ; 1             ;
; Total fan-out                               ; 58            ;
; Average fan-out                             ; 0.50          ;
+---------------------------------------------+---------------+


+------------------------------------------------------------------------------------------------------------------------------------------------------------------------------------------------------------------------------------+
; Analysis & Synthesis Resource Utilization by Entity                                                                                                                                                                                ;
+----------------------------+---------------------+---------------------------+-------------+------------+--------------+---------+-----------+------+--------------+------------+---------------------+-------------+--------------+
; Compilation Hierarchy Node ; Combinational ALUTs ; Dedicated Logic Registers ; Memory Bits ; UFM Blocks ; DSP Elements ; DSP 9x9 ; DSP 18x18 ; Pins ; Virtual Pins ; ADC blocks ; Full Hierarchy Name ; Entity Name ; Library Name ;
+----------------------------+---------------------+---------------------------+-------------+------------+--------------+---------+-----------+------+--------------+------------+---------------------+-------------+--------------+
; |CtrlUnitFSM               ; 0 (0)               ; 0 (0)                     ; 0           ; 0          ; 0            ; 0       ; 0         ; 58   ; 0            ; 0          ; |CtrlUnitFSM        ; CtrlUnitFSM ; work         ;
+----------------------------+---------------------+---------------------------+-------------+------------+--------------+---------+-----------+------+--------------+------------+---------------------+-------------+--------------+
Note: For table entries with two numbers listed, the numbers in parentheses indicate the number of resources of the given type used by the specific entity alone. The numbers listed outside of parentheses indicate the total resources of the given type used by the specific entity and all of its sub-entities in the hierarchy.


Encoding Type:  One-Hot
+--------------------------------------------------------------------------------------------------------------------------------------------------------------------------------+
; State Machine - |CtrlUnitFSM|act_state                                                                                                                                         ;
+----------------------------+----------------------------+---------------------+-------------------------+---------------------+------------------------+-----------------------+
; Name                       ; act_state.write_back_state ; act_state.mem_state ; act_state.execute_state ; act_state.int_state ; act_state.decode_state ; act_state.fetch_state ;
+----------------------------+----------------------------+---------------------+-------------------------+---------------------+------------------------+-----------------------+
; act_state.fetch_state      ; 0                          ; 0                   ; 0                       ; 0                   ; 0                      ; 0                     ;
; act_state.decode_state     ; 0                          ; 0                   ; 0                       ; 0                   ; 1                      ; 1                     ;
; act_state.int_state        ; 0                          ; 0                   ; 0                       ; 1                   ; 0                      ; 1                     ;
; act_state.execute_state    ; 0                          ; 0                   ; 1                       ; 0                   ; 0                      ; 1                     ;
; act_state.mem_state        ; 0                          ; 1                   ; 0                       ; 0                   ; 0                      ; 1                     ;
; act_state.write_back_state ; 1                          ; 0                   ; 0                       ; 0                   ; 0                      ; 1                     ;
+----------------------------+----------------------------+---------------------+-------------------------+---------------------+------------------------+-----------------------+


+------------------------------------------------------------+
; Registers Removed During Synthesis                         ;
+---------------------------------------+--------------------+
; Register name                         ; Reason for Removal ;
+---------------------------------------+--------------------+
; act_state~2                           ; Lost fanout        ;
; act_state~3                           ; Lost fanout        ;
; act_state~4                           ; Lost fanout        ;
; act_state.fetch_state                 ; Lost fanout        ;
; act_state.decode_state                ; Lost fanout        ;
; act_state.int_state                   ; Lost fanout        ;
; act_state.execute_state               ; Lost fanout        ;
; act_state.mem_state                   ; Lost fanout        ;
; act_state.write_back_state            ; Lost fanout        ;
; Total Number of Removed Registers = 9 ;                    ;
+---------------------------------------+--------------------+


+--------------------------------------------------------------------------------------------------------------+
; Removed Registers Triggering Further Register Optimizations                                                  ;
+---------------+--------------------+-------------------------------------------------------------------------+
; Register name ; Reason for Removal ; Registers Removed due to This Register                                  ;
+---------------+--------------------+-------------------------------------------------------------------------+
; act_state~2   ; Lost Fanouts       ; act_state.fetch_state, act_state.decode_state, act_state.execute_state, ;
;               ;                    ; act_state.mem_state                                                     ;
+---------------+--------------------+-------------------------------------------------------------------------+


+------------------------------------------------------+
; General Register Statistics                          ;
+----------------------------------------------+-------+
; Statistic                                    ; Value ;
+----------------------------------------------+-------+
; Total registers                              ; 0     ;
; Number of registers using Synchronous Clear  ; 0     ;
; Number of registers using Synchronous Load   ; 0     ;
; Number of registers using Asynchronous Clear ; 0     ;
; Number of registers using Asynchronous Load  ; 0     ;
; Number of registers using Clock Enable       ; 0     ;
; Number of registers using Preset             ; 0     ;
+----------------------------------------------+-------+


+------------------------------------------------------------------------------------------------------------------------------------------+
; Multiplexer Restructuring Statistics (Restructuring Performed)                                                                           ;
+--------------------+-----------+---------------+----------------------+------------------------+------------+----------------------------+
; Multiplexer Inputs ; Bus Width ; Baseline Area ; Area if Restructured ; Saving if Restructured ; Registered ; Example Multiplexer Output ;
+--------------------+-----------+---------------+----------------------+------------------------+------------+----------------------------+
; 3:1                ; 2 bits    ; 4 LEs         ; 2 LEs                ; 2 LEs                  ; No         ; |CtrlUnitFSM|nxt_state     ;
+--------------------+-----------+---------------+----------------------+------------------------+------------+----------------------------+


+-----------------------------------------------------------------------------+
; Parameter Settings for User Entity Instance: Top-level Entity: |CtrlUnitFSM ;
+------------------+-------+--------------------------------------------------+
; Parameter Name   ; Value ; Type                                             ;
+------------------+-------+--------------------------------------------------+
; fetch_state      ; 000   ; Unsigned Binary                                  ;
; decode_state     ; 001   ; Unsigned Binary                                  ;
; int_state        ; 010   ; Unsigned Binary                                  ;
; execute_state    ; 011   ; Unsigned Binary                                  ;
; mem_state        ; 100   ; Unsigned Binary                                  ;
; write_back_state ; 101   ; Unsigned Binary                                  ;
+------------------+-------+--------------------------------------------------+
Note: In order to hide this table in the UI and the text report file, please set the "Show Parameter Settings in Synthesis Report" option in "Analysis and Synthesis Settings -> More Settings" to "Off".


+-----------------------------------------------------+
; Post-Synthesis Netlist Statistics for Top Partition ;
+-----------------------+-----------------------------+
; Type                  ; Count                       ;
+-----------------------+-----------------------------+
; boundary_port         ; 58                          ;
; cycloneiii_lcell_comb ; 1                           ;
;     normal            ; 1                           ;
;         0 data inputs ; 1                           ;
;                       ;                             ;
; Max LUT depth         ; 0.00                        ;
; Average LUT depth     ; 0.00                        ;
+-----------------------+-----------------------------+


+-------------------------------+
; Elapsed Time Per Partition    ;
+----------------+--------------+
; Partition Name ; Elapsed Time ;
+----------------+--------------+
; Top            ; 00:00:00     ;
+----------------+--------------+


+-------------------------------+
; Analysis & Synthesis Messages ;
+-------------------------------+
Info: *******************************************************************
Info: Running Quartus Prime Analysis & Synthesis
    Info: Version 18.1.0 Build 625 09/12/2018 SJ Lite Edition
    Info: Processing started: Sat Mar 13 17:54:27 2021
Info: Command: quartus_map --read_settings_files=on --write_settings_files=off CtrlUnitFSM -c CtrlUnitFSM
Warning (18236): Number of processors has not been specified which may cause overloading on shared machines.  Set the global assignment NUM_PARALLEL_PROCESSORS in your QSF to an appropriate value for best performance.
Info (20030): Parallel compilation is enabled and will use 4 of the 4 processors detected
Info (12021): Found 1 design units, including 1 entities, in source file ctrlunitfsm.sv
    Info (12023): Found entity 1: CtrlUnitFSM File: C:/Users/jorge/OneDrive/Documentos/MyCode2.0/ClassRepos/Quartus/CtrlUnit/CtrlUnitFSM.sv Line: 1
Info (12127): Elaborating entity "CtrlUnitFSM" for the top level hierarchy
Warning (10036): Verilog HDL or VHDL warning at CtrlUnitFSM.sv(89): object "logalu_immed" assigned a value but never read File: C:/Users/jorge/OneDrive/Documentos/MyCode2.0/ClassRepos/Quartus/CtrlUnit/CtrlUnitFSM.sv Line: 89
Warning (10036): Verilog HDL or VHDL warning at CtrlUnitFSM.sv(90): object "alu_reg" assigned a value but never read File: C:/Users/jorge/OneDrive/Documentos/MyCode2.0/ClassRepos/Quartus/CtrlUnit/CtrlUnitFSM.sv Line: 90
Warning (10036): Verilog HDL or VHDL warning at CtrlUnitFSM.sv(91): object "shift" assigned a value but never read File: C:/Users/jorge/OneDrive/Documentos/MyCode2.0/ClassRepos/Quartus/CtrlUnit/CtrlUnitFSM.sv Line: 91
Warning (10034): Output port "ALUOP_o" at CtrlUnitFSM.sv(19) has no driver File: C:/Users/jorge/OneDrive/Documentos/MyCode2.0/ClassRepos/Quartus/CtrlUnit/CtrlUnitFSM.sv Line: 19
Warning (10034): Output port "RegMux_c_o" at CtrlUnitFSM.sv(24) has no driver File: C:/Users/jorge/OneDrive/Documentos/MyCode2.0/ClassRepos/Quartus/CtrlUnit/CtrlUnitFSM.sv Line: 24
Warning (10034): Output port "PCoper_o" at CtrlUnitFSM.sv(26) has no driver File: C:/Users/jorge/OneDrive/Documentos/MyCode2.0/ClassRepos/Quartus/CtrlUnit/CtrlUnitFSM.sv Line: 26
Warning (10034): Output port "port_ack_o" at CtrlUnitFSM.sv(15) has no driver File: C:/Users/jorge/OneDrive/Documentos/MyCode2.0/ClassRepos/Quartus/CtrlUnit/CtrlUnitFSM.sv Line: 15
Warning (10034): Output port "inst_ack_o" at CtrlUnitFSM.sv(16) has no driver File: C:/Users/jorge/OneDrive/Documentos/MyCode2.0/ClassRepos/Quartus/CtrlUnit/CtrlUnitFSM.sv Line: 16
Warning (10034): Output port "op2_c_o" at CtrlUnitFSM.sv(18) has no driver File: C:/Users/jorge/OneDrive/Documentos/MyCode2.0/ClassRepos/Quartus/CtrlUnit/CtrlUnitFSM.sv Line: 18
Warning (10034): Output port "ALUFR_c" at CtrlUnitFSM.sv(20) has no driver File: C:/Users/jorge/OneDrive/Documentos/MyCode2.0/ClassRepos/Quartus/CtrlUnit/CtrlUnitFSM.sv Line: 20
Warning (10034): Output port "ALU_en_o" at CtrlUnitFSM.sv(21) has no driver File: C:/Users/jorge/OneDrive/Documentos/MyCode2.0/ClassRepos/Quartus/CtrlUnit/CtrlUnitFSM.sv Line: 21
Warning (10034): Output port "RegWrt_c_o" at CtrlUnitFSM.sv(23) has no driver File: C:/Users/jorge/OneDrive/Documentos/MyCode2.0/ClassRepos/Quartus/CtrlUnit/CtrlUnitFSM.sv Line: 23
Warning (10034): Output port "PC_en_o" at CtrlUnitFSM.sv(27) has no driver File: C:/Users/jorge/OneDrive/Documentos/MyCode2.0/ClassRepos/Quartus/CtrlUnit/CtrlUnitFSM.sv Line: 27
Warning (10034): Output port "pop_o" at CtrlUnitFSM.sv(29) has no driver File: C:/Users/jorge/OneDrive/Documentos/MyCode2.0/ClassRepos/Quartus/CtrlUnit/CtrlUnitFSM.sv Line: 29
Warning (10034): Output port "jsb_o" at CtrlUnitFSM.sv(30) has no driver File: C:/Users/jorge/OneDrive/Documentos/MyCode2.0/ClassRepos/Quartus/CtrlUnit/CtrlUnitFSM.sv Line: 30
Warning (10034): Output port "reti_o" at CtrlUnitFSM.sv(32) has no driver File: C:/Users/jorge/OneDrive/Documentos/MyCode2.0/ClassRepos/Quartus/CtrlUnit/CtrlUnitFSM.sv Line: 32
Warning (10034): Output port "int_o" at CtrlUnitFSM.sv(33) has no driver File: C:/Users/jorge/OneDrive/Documentos/MyCode2.0/ClassRepos/Quartus/CtrlUnit/CtrlUnitFSM.sv Line: 33
Warning (10034): Output port "stb_o" at CtrlUnitFSM.sv(35) has no driver File: C:/Users/jorge/OneDrive/Documentos/MyCode2.0/ClassRepos/Quartus/CtrlUnit/CtrlUnitFSM.sv Line: 35
Warning (10034): Output port "cyc_o" at CtrlUnitFSM.sv(36) has no driver File: C:/Users/jorge/OneDrive/Documentos/MyCode2.0/ClassRepos/Quartus/CtrlUnit/CtrlUnitFSM.sv Line: 36
Warning (10034): Output port "weport_o" at CtrlUnitFSM.sv(38) has no driver File: C:/Users/jorge/OneDrive/Documentos/MyCode2.0/ClassRepos/Quartus/CtrlUnit/CtrlUnitFSM.sv Line: 38
Warning (10034): Output port "wedata_o" at CtrlUnitFSM.sv(40) has no driver File: C:/Users/jorge/OneDrive/Documentos/MyCode2.0/ClassRepos/Quartus/CtrlUnit/CtrlUnitFSM.sv Line: 40
Warning (13024): Output pins are stuck at VCC or GND
    Warning (13410): Pin "port_ack_o" is stuck at GND File: C:/Users/jorge/OneDrive/Documentos/MyCode2.0/ClassRepos/Quartus/CtrlUnit/CtrlUnitFSM.sv Line: 15
    Warning (13410): Pin "inst_ack_o" is stuck at GND File: C:/Users/jorge/OneDrive/Documentos/MyCode2.0/ClassRepos/Quartus/CtrlUnit/CtrlUnitFSM.sv Line: 16
    Warning (13410): Pin "op2_c_o" is stuck at GND File: C:/Users/jorge/OneDrive/Documentos/MyCode2.0/ClassRepos/Quartus/CtrlUnit/CtrlUnitFSM.sv Line: 18
    Warning (13410): Pin "ALUOP_o[0]" is stuck at GND File: C:/Users/jorge/OneDrive/Documentos/MyCode2.0/ClassRepos/Quartus/CtrlUnit/CtrlUnitFSM.sv Line: 19
    Warning (13410): Pin "ALUOP_o[1]" is stuck at GND File: C:/Users/jorge/OneDrive/Documentos/MyCode2.0/ClassRepos/Quartus/CtrlUnit/CtrlUnitFSM.sv Line: 19
    Warning (13410): Pin "ALUOP_o[2]" is stuck at GND File: C:/Users/jorge/OneDrive/Documentos/MyCode2.0/ClassRepos/Quartus/CtrlUnit/CtrlUnitFSM.sv Line: 19
    Warning (13410): Pin "ALUOP_o[3]" is stuck at GND File: C:/Users/jorge/OneDrive/Documentos/MyCode2.0/ClassRepos/Quartus/CtrlUnit/CtrlUnitFSM.sv Line: 19
    Warning (13410): Pin "ALUFR_c" is stuck at GND File: C:/Users/jorge/OneDrive/Documentos/MyCode2.0/ClassRepos/Quartus/CtrlUnit/CtrlUnitFSM.sv Line: 20
    Warning (13410): Pin "ALU_en_o" is stuck at GND File: C:/Users/jorge/OneDrive/Documentos/MyCode2.0/ClassRepos/Quartus/CtrlUnit/CtrlUnitFSM.sv Line: 21
    Warning (13410): Pin "RegWrt_c_o" is stuck at GND File: C:/Users/jorge/OneDrive/Documentos/MyCode2.0/ClassRepos/Quartus/CtrlUnit/CtrlUnitFSM.sv Line: 23
    Warning (13410): Pin "RegMux_c_o[0]" is stuck at GND File: C:/Users/jorge/OneDrive/Documentos/MyCode2.0/ClassRepos/Quartus/CtrlUnit/CtrlUnitFSM.sv Line: 24
    Warning (13410): Pin "RegMux_c_o[1]" is stuck at GND File: C:/Users/jorge/OneDrive/Documentos/MyCode2.0/ClassRepos/Quartus/CtrlUnit/CtrlUnitFSM.sv Line: 24
    Warning (13410): Pin "PCoper_o[0]" is stuck at GND File: C:/Users/jorge/OneDrive/Documentos/MyCode2.0/ClassRepos/Quartus/CtrlUnit/CtrlUnitFSM.sv Line: 26
    Warning (13410): Pin "PCoper_o[1]" is stuck at GND File: C:/Users/jorge/OneDrive/Documentos/MyCode2.0/ClassRepos/Quartus/CtrlUnit/CtrlUnitFSM.sv Line: 26
    Warning (13410): Pin "PCoper_o[2]" is stuck at GND File: C:/Users/jorge/OneDrive/Documentos/MyCode2.0/ClassRepos/Quartus/CtrlUnit/CtrlUnitFSM.sv Line: 26
    Warning (13410): Pin "PCoper_o[3]" is stuck at GND File: C:/Users/jorge/OneDrive/Documentos/MyCode2.0/ClassRepos/Quartus/CtrlUnit/CtrlUnitFSM.sv Line: 26
    Warning (13410): Pin "PC_en_o" is stuck at GND File: C:/Users/jorge/OneDrive/Documentos/MyCode2.0/ClassRepos/Quartus/CtrlUnit/CtrlUnitFSM.sv Line: 27
    Warning (13410): Pin "pop_o" is stuck at GND File: C:/Users/jorge/OneDrive/Documentos/MyCode2.0/ClassRepos/Quartus/CtrlUnit/CtrlUnitFSM.sv Line: 29
    Warning (13410): Pin "jsb_o" is stuck at GND File: C:/Users/jorge/OneDrive/Documentos/MyCode2.0/ClassRepos/Quartus/CtrlUnit/CtrlUnitFSM.sv Line: 30
    Warning (13410): Pin "reti_o" is stuck at GND File: C:/Users/jorge/OneDrive/Documentos/MyCode2.0/ClassRepos/Quartus/CtrlUnit/CtrlUnitFSM.sv Line: 32
    Warning (13410): Pin "int_o" is stuck at GND File: C:/Users/jorge/OneDrive/Documentos/MyCode2.0/ClassRepos/Quartus/CtrlUnit/CtrlUnitFSM.sv Line: 33
    Warning (13410): Pin "stb_o" is stuck at GND File: C:/Users/jorge/OneDrive/Documentos/MyCode2.0/ClassRepos/Quartus/CtrlUnit/CtrlUnitFSM.sv Line: 35
    Warning (13410): Pin "cyc_o" is stuck at GND File: C:/Users/jorge/OneDrive/Documentos/MyCode2.0/ClassRepos/Quartus/CtrlUnit/CtrlUnitFSM.sv Line: 36
    Warning (13410): Pin "weport_o" is stuck at GND File: C:/Users/jorge/OneDrive/Documentos/MyCode2.0/ClassRepos/Quartus/CtrlUnit/CtrlUnitFSM.sv Line: 38
    Warning (13410): Pin "wedata_o" is stuck at GND File: C:/Users/jorge/OneDrive/Documentos/MyCode2.0/ClassRepos/Quartus/CtrlUnit/CtrlUnitFSM.sv Line: 40
Info (17049): 9 registers lost all their fanouts during netlist optimizations.
Info (144001): Generated suppressed messages file C:/Users/jorge/OneDrive/Documentos/MyCode2.0/ClassRepos/Quartus/CtrlUnit/output_files/CtrlUnitFSM.map.smsg
Info (16010): Generating hard_block partition "hard_block:auto_generated_inst"
    Info (16011): Adding 0 node(s), including 0 DDIO, 0 PLL, 0 transceiver and 0 LCELL
Warning (21074): Design contains 33 input pin(s) that do not drive logic
    Warning (15610): No output dependent on input pin "inst_dat_i[0]" File: C:/Users/jorge/OneDrive/Documentos/MyCode2.0/ClassRepos/Quartus/CtrlUnit/CtrlUnitFSM.sv Line: 11
    Warning (15610): No output dependent on input pin "inst_dat_i[1]" File: C:/Users/jorge/OneDrive/Documentos/MyCode2.0/ClassRepos/Quartus/CtrlUnit/CtrlUnitFSM.sv Line: 11
    Warning (15610): No output dependent on input pin "inst_dat_i[2]" File: C:/Users/jorge/OneDrive/Documentos/MyCode2.0/ClassRepos/Quartus/CtrlUnit/CtrlUnitFSM.sv Line: 11
    Warning (15610): No output dependent on input pin "inst_dat_i[3]" File: C:/Users/jorge/OneDrive/Documentos/MyCode2.0/ClassRepos/Quartus/CtrlUnit/CtrlUnitFSM.sv Line: 11
    Warning (15610): No output dependent on input pin "inst_dat_i[4]" File: C:/Users/jorge/OneDrive/Documentos/MyCode2.0/ClassRepos/Quartus/CtrlUnit/CtrlUnitFSM.sv Line: 11
    Warning (15610): No output dependent on input pin "inst_dat_i[5]" File: C:/Users/jorge/OneDrive/Documentos/MyCode2.0/ClassRepos/Quartus/CtrlUnit/CtrlUnitFSM.sv Line: 11
    Warning (15610): No output dependent on input pin "inst_dat_i[6]" File: C:/Users/jorge/OneDrive/Documentos/MyCode2.0/ClassRepos/Quartus/CtrlUnit/CtrlUnitFSM.sv Line: 11
    Warning (15610): No output dependent on input pin "inst_dat_i[7]" File: C:/Users/jorge/OneDrive/Documentos/MyCode2.0/ClassRepos/Quartus/CtrlUnit/CtrlUnitFSM.sv Line: 11
    Warning (15610): No output dependent on input pin "inst_dat_i[8]" File: C:/Users/jorge/OneDrive/Documentos/MyCode2.0/ClassRepos/Quartus/CtrlUnit/CtrlUnitFSM.sv Line: 11
    Warning (15610): No output dependent on input pin "inst_dat_i[9]" File: C:/Users/jorge/OneDrive/Documentos/MyCode2.0/ClassRepos/Quartus/CtrlUnit/CtrlUnitFSM.sv Line: 11
    Warning (15610): No output dependent on input pin "inst_dat_i[10]" File: C:/Users/jorge/OneDrive/Documentos/MyCode2.0/ClassRepos/Quartus/CtrlUnit/CtrlUnitFSM.sv Line: 11
    Warning (15610): No output dependent on input pin "inst_dat_i[11]" File: C:/Users/jorge/OneDrive/Documentos/MyCode2.0/ClassRepos/Quartus/CtrlUnit/CtrlUnitFSM.sv Line: 11
    Warning (15610): No output dependent on input pin "inst_dat_i[12]" File: C:/Users/jorge/OneDrive/Documentos/MyCode2.0/ClassRepos/Quartus/CtrlUnit/CtrlUnitFSM.sv Line: 11
    Warning (15610): No output dependent on input pin "inst_dat_i[13]" File: C:/Users/jorge/OneDrive/Documentos/MyCode2.0/ClassRepos/Quartus/CtrlUnit/CtrlUnitFSM.sv Line: 11
    Warning (15610): No output dependent on input pin "inst_dat_i[14]" File: C:/Users/jorge/OneDrive/Documentos/MyCode2.0/ClassRepos/Quartus/CtrlUnit/CtrlUnitFSM.sv Line: 11
    Warning (15610): No output dependent on input pin "inst_dat_i[15]" File: C:/Users/jorge/OneDrive/Documentos/MyCode2.0/ClassRepos/Quartus/CtrlUnit/CtrlUnitFSM.sv Line: 11
    Warning (15610): No output dependent on input pin "inst_dat_i[16]" File: C:/Users/jorge/OneDrive/Documentos/MyCode2.0/ClassRepos/Quartus/CtrlUnit/CtrlUnitFSM.sv Line: 11
    Warning (15610): No output dependent on input pin "inst_ack_i" File: C:/Users/jorge/OneDrive/Documentos/MyCode2.0/ClassRepos/Quartus/CtrlUnit/CtrlUnitFSM.sv Line: 10
    Warning (15610): No output dependent on input pin "interruption" File: C:/Users/jorge/OneDrive/Documentos/MyCode2.0/ClassRepos/Quartus/CtrlUnit/CtrlUnitFSM.sv Line: 13
    Warning (15610): No output dependent on input pin "func_i[1]" File: C:/Users/jorge/OneDrive/Documentos/MyCode2.0/ClassRepos/Quartus/CtrlUnit/CtrlUnitFSM.sv Line: 4
    Warning (15610): No output dependent on input pin "func_i[2]" File: C:/Users/jorge/OneDrive/Documentos/MyCode2.0/ClassRepos/Quartus/CtrlUnit/CtrlUnitFSM.sv Line: 4
    Warning (15610): No output dependent on input pin "func_i[3]" File: C:/Users/jorge/OneDrive/Documentos/MyCode2.0/ClassRepos/Quartus/CtrlUnit/CtrlUnitFSM.sv Line: 4
    Warning (15610): No output dependent on input pin "op_i[0]" File: C:/Users/jorge/OneDrive/Documentos/MyCode2.0/ClassRepos/Quartus/CtrlUnit/CtrlUnitFSM.sv Line: 3
    Warning (15610): No output dependent on input pin "op_i[1]" File: C:/Users/jorge/OneDrive/Documentos/MyCode2.0/ClassRepos/Quartus/CtrlUnit/CtrlUnitFSM.sv Line: 3
    Warning (15610): No output dependent on input pin "op_i[2]" File: C:/Users/jorge/OneDrive/Documentos/MyCode2.0/ClassRepos/Quartus/CtrlUnit/CtrlUnitFSM.sv Line: 3
    Warning (15610): No output dependent on input pin "op_i[3]" File: C:/Users/jorge/OneDrive/Documentos/MyCode2.0/ClassRepos/Quartus/CtrlUnit/CtrlUnitFSM.sv Line: 3
    Warning (15610): No output dependent on input pin "op_i[4]" File: C:/Users/jorge/OneDrive/Documentos/MyCode2.0/ClassRepos/Quartus/CtrlUnit/CtrlUnitFSM.sv Line: 3
    Warning (15610): No output dependent on input pin "op_i[5]" File: C:/Users/jorge/OneDrive/Documentos/MyCode2.0/ClassRepos/Quartus/CtrlUnit/CtrlUnitFSM.sv Line: 3
    Warning (15610): No output dependent on input pin "op_i[6]" File: C:/Users/jorge/OneDrive/Documentos/MyCode2.0/ClassRepos/Quartus/CtrlUnit/CtrlUnitFSM.sv Line: 3
    Warning (15610): No output dependent on input pin "func_i[0]" File: C:/Users/jorge/OneDrive/Documentos/MyCode2.0/ClassRepos/Quartus/CtrlUnit/CtrlUnitFSM.sv Line: 4
    Warning (15610): No output dependent on input pin "data_ack_i" File: C:/Users/jorge/OneDrive/Documentos/MyCode2.0/ClassRepos/Quartus/CtrlUnit/CtrlUnitFSM.sv Line: 7
    Warning (15610): No output dependent on input pin "port_ack_i" File: C:/Users/jorge/OneDrive/Documentos/MyCode2.0/ClassRepos/Quartus/CtrlUnit/CtrlUnitFSM.sv Line: 9
    Warning (15610): No output dependent on input pin "clk" File: C:/Users/jorge/OneDrive/Documentos/MyCode2.0/ClassRepos/Quartus/CtrlUnit/CtrlUnitFSM.sv Line: 6
Info (21057): Implemented 58 device resources after synthesis - the final resource count might be different
    Info (21058): Implemented 33 input pins
    Info (21059): Implemented 25 output pins
Info: Quartus Prime Analysis & Synthesis was successful. 0 errors, 82 warnings
    Info: Peak virtual memory: 4736 megabytes
    Info: Processing ended: Sat Mar 13 17:54:45 2021
    Info: Elapsed time: 00:00:18
    Info: Total CPU time (on all processors): 00:00:40


+------------------------------------------+
; Analysis & Synthesis Suppressed Messages ;
+------------------------------------------+
The suppressed messages can be found in C:/Users/jorge/OneDrive/Documentos/MyCode2.0/ClassRepos/Quartus/CtrlUnit/output_files/CtrlUnitFSM.map.smsg.


